<?xml version="1.0" encoding="UTF-8"?>
<testsuite xmlns:xsi="http://www.w3.org/2001/XMLSchema-instance" xsi:noNamespaceSchemaLocation="https://maven.apache.org/surefire/maven-surefire-plugin/xsd/surefire-test-report-3.0.xsd" version="3.0" name="com.icai.practicas.controller.ProcessControllerE2ETest" time="0.44" tests="2" errors="0" skipped="0" failures="0">
  <properties>
[...]
</properties>
  <testcase name="testing_step1_legacy_then_ko" classname="com.icai.practicas.controller.ProcessControllerE2ETest" time="0.085">
    <system-out><![CDATA[2022-04-02 15:06:48.259  INFO 53094 --- [           main] .b.t.c.SpringBootTestContextBootstrapper : Neither @ContextConfiguration nor @ContextHierarchy found for test class [com.icai.practicas.controller.ProcessControllerE2ETest], using SpringBootContextLoader
2022-04-02 15:06:48.259  INFO 53094 --- [           main] o.s.t.c.support.AbstractContextLoader    : Could not detect default resource locations for test class [com.icai.practicas.controller.ProcessControllerE2ETest]: no resource found for suffixes {-context.xml, Context.groovy}.
2022-04-02 15:06:48.260  INFO 53094 --- [           main] t.c.s.AnnotationConfigContextLoaderUtils : Could not detect default configuration classes for test class [com.icai.practicas.controller.ProcessControllerE2ETest]: ProcessControllerE2ETest does not declare any static, non-private, non-final, nested classes annotated with @Configuration.
2022-04-02 15:06:48.263  INFO 53094 --- [           main] .b.t.c.SpringBootTestContextBootstrapper : Found @SpringBootConfiguration com.icai.practicas.MainApplication for test class com.icai.practicas.controller.ProcessControllerE2ETest
2022-04-02 15:06:48.264  INFO 53094 --- [           main] .b.t.c.SpringBootTestContextBootstrapper : Loaded default TestExecutionListener class names from location [META-INF/spring.factories]: [org.springframework.boot.test.mock.mockito.MockitoTestExecutionListener, org.springframework.boot.test.mock.mockito.ResetMocksTestExecutionListener, org.springframework.boot.test.autoconfigure.restdocs.RestDocsTestExecutionListener, org.springframework.boot.test.autoconfigure.web.client.MockRestServiceServerResetTestExecutionListener, org.springframework.boot.test.autoconfigure.web.servlet.MockMvcPrintOnlyOnFailureTestExecutionListener, org.springframework.boot.test.autoconfigure.web.servlet.WebDriverTestExecutionListener, org.springframework.boot.test.autoconfigure.webservices.client.MockWebServiceServerTestExecutionListener, org.springframework.test.context.web.ServletTestExecutionListener, org.springframework.test.context.support.DirtiesContextBeforeModesTestExecutionListener, org.springframework.test.context.event.ApplicationEventsTestExecutionListener, org.springframework.test.context.support.DependencyInjectionTestExecutionListener, org.springframework.test.context.support.DirtiesContextTestExecutionListener, org.springframework.test.context.transaction.TransactionalTestExecutionListener, org.springframework.test.context.jdbc.SqlScriptsTestExecutionListener, org.springframework.test.context.event.EventPublishingTestExecutionListener]
2022-04-02 15:06:48.264  INFO 53094 --- [           main] .b.t.c.SpringBootTestContextBootstrapper : Using TestExecutionListeners: [org.springframework.test.context.web.ServletTestExecutionListener@3cdff901, org.springframework.test.context.support.DirtiesContextBeforeModesTestExecutionListener@57e5396b, org.springframework.test.context.event.ApplicationEventsTestExecutionListener@2f054f70, org.springframework.boot.test.mock.mockito.MockitoTestExecutionListener@6467ddc7, org.springframework.boot.test.autoconfigure.SpringBootDependencyInjectionTestExecutionListener@27b337bb, org.springframework.test.context.support.DirtiesContextTestExecutionListener@59636c47, org.springframework.test.context.event.EventPublishingTestExecutionListener@5c18d6d4, org.springframework.boot.test.mock.mockito.ResetMocksTestExecutionListener@6cbb175, org.springframework.boot.test.autoconfigure.restdocs.RestDocsTestExecutionListener@38fb50f8, org.springframework.boot.test.autoconfigure.web.client.MockRestServiceServerResetTestExecutionListener@7ab802f4, org.springframework.boot.test.autoconfigure.web.servlet.MockMvcPrintOnlyOnFailureTestExecutionListener@608cd501, org.springframework.boot.test.autoconfigure.web.servlet.WebDriverTestExecutionListener@3b97907c, org.springframework.boot.test.autoconfigure.webservices.client.MockWebServiceServerTestExecutionListener@59096b66]

  .   ____          _            __ _ _
 /\\ / ___'_ __ _ _(_)_ __  __ _ \ \ \ \
( ( )\___ | '_ | '_| | '_ \/ _` | \ \ \ \
 \\/  ___)| |_)| | | | | || (_| |  ) ) ) )
  '  |____| .__|_| |_|_| |_\__, | / / / /
 =========|_|==============|___/=/_/_/_/
 :: Spring Boot ::                (v2.6.4)

2022-04-02 15:06:48.279  INFO 53094 --- [           main] c.i.p.c.ProcessControllerE2ETest         : Starting ProcessControllerE2ETest using Java 17.0.2 on MacBook-Pro-de-Apple.local with PID 53094 (started by sergiocuencanunez in /Users/sergiocuencanunez/Documents/ICAI/3º GITT+BA/Asignaturas/2º Cuatrimestre/PAT | Programación de Aplicaciones Telemáticas/Prácticas/Práctica 6)
2022-04-02 15:06:48.279 DEBUG 53094 --- [           main] c.i.p.c.ProcessControllerE2ETest         : Running with Spring Boot v2.6.4, Spring v5.3.16
2022-04-02 15:06:48.279  INFO 53094 --- [           main] c.i.p.c.ProcessControllerE2ETest         : No active profile set, falling back to 1 default profile: "default"
2022-04-02 15:06:48.426  INFO 53094 --- [           main] o.s.b.w.embedded.tomcat.TomcatWebServer  : Tomcat initialized with port(s): 0 (http)
2022-04-02 15:06:48.431  INFO 53094 --- [           main] o.apache.catalina.core.StandardService   : Starting service [Tomcat]
2022-04-02 15:06:48.431  INFO 53094 --- [           main] org.apache.catalina.core.StandardEngine  : Starting Servlet engine: [Apache Tomcat/9.0.58]
2022-04-02 15:06:48.464  INFO 53094 --- [           main] o.a.c.c.C.[Tomcat].[localhost].[/]       : Initializing Spring embedded WebApplicationContext
2022-04-02 15:06:48.464  INFO 53094 --- [           main] w.s.c.ServletWebServerApplicationContext : Root WebApplicationContext: initialization completed in 184 ms
2022-04-02 15:06:48.547  INFO 53094 --- [           main] o.s.b.a.w.s.WelcomePageHandlerMapping    : Adding welcome page: class path resource [static/index.html]
2022-04-02 15:06:48.604  INFO 53094 --- [           main] o.s.b.w.embedded.tomcat.TomcatWebServer  : Tomcat started on port(s): 59249 (http) with context path ''
2022-04-02 15:06:48.605  INFO 53094 --- [           main] c.i.p.c.ProcessControllerE2ETest         : Started ProcessControllerE2ETest in 0.34 seconds (JVM running for 1.605)
2022-04-02 15:06:48.648  INFO 53094 --- [o-auto-1-exec-1] o.a.c.c.C.[Tomcat].[localhost].[/]       : Initializing Spring DispatcherServlet 'dispatcherServlet'
2022-04-02 15:06:48.648  INFO 53094 --- [o-auto-1-exec-1] o.s.web.servlet.DispatcherServlet        : Initializing Servlet 'dispatcherServlet'
2022-04-02 15:06:48.649  INFO 53094 --- [o-auto-1-exec-1] o.s.web.servlet.DispatcherServlet        : Completed initialization in 1 ms
2022-04-02 15:06:48.662  INFO 53094 --- [o-auto-1-exec-1] c.i.p.controller.ProcessController       : Procesando request en el endpoint Legacy
2022-04-02 15:06:48.662  INFO 53094 --- [o-auto-1-exec-1] c.i.p.service.impl.ProcessServiceImpl    : Procesando datos del formulario:
2022-04-02 15:06:48.662 TRACE 53094 --- [o-auto-1-exec-1] c.i.p.service.impl.ProcessServiceImpl    : 749GR7820 Resultado: false
2022-04-02 15:06:48.663 TRACE 53094 --- [o-auto-1-exec-1] c.i.p.service.impl.ProcessServiceImpl    : +65430456 Resultado: false
2022-04-02 15:06:48.663  INFO 53094 --- [o-auto-1-exec-1] c.i.p.service.impl.ProcessServiceImpl    : Procesamiento incorrecto
]]></system-out>
  </testcase>
  <testcase name="testing_step1_legacy_then_ok" classname="com.icai.practicas.controller.ProcessControllerE2ETest" time="0.005">
    <system-out><![CDATA[2022-04-02 15:06:48.696  INFO 53094 --- [o-auto-1-exec-2] c.i.p.controller.ProcessController       : Procesando request en el endpoint Legacy
2022-04-02 15:06:48.696  INFO 53094 --- [o-auto-1-exec-2] c.i.p.service.impl.ProcessServiceImpl    : Procesando datos del formulario:
2022-04-02 15:06:48.696 TRACE 53094 --- [o-auto-1-exec-2] c.i.p.service.impl.ProcessServiceImpl    : 28733194F Resultado: true
2022-04-02 15:06:48.696 TRACE 53094 --- [o-auto-1-exec-2] c.i.p.service.impl.ProcessServiceImpl    : +34 645889302 Resultado: true
2022-04-02 15:06:48.696  INFO 53094 --- [o-auto-1-exec-2] c.i.p.service.impl.ProcessServiceImpl    : Procesamiento correcto
]]></system-out>
  </testcase>
</testsuite>