<?xml version="1.0" encoding="UTF-8"?>
<testsuite xmlns:xsi="http://www.w3.org/2001/XMLSchema-instance" xsi:noNamespaceSchemaLocation="https://maven.apache.org/surefire/maven-surefire-plugin/xsd/surefire-test-report-3.0.xsd" version="3.0" name="com.icai.practicas.controller.ProcessControllerE2ETest" time="0.535" tests="4" errors="0" skipped="0" failures="0">
  <properties>
[...]
</properties>
  <testcase name="testing_process_data_legacy_then_ko" classname="com.icai.practicas.controller.ProcessControllerE2ETest" time="0.091">
    <system-out><![CDATA[2022-04-02 15:33:28.991  INFO 53498 --- [           main] .b.t.c.SpringBootTestContextBootstrapper : Neither @ContextConfiguration nor @ContextHierarchy found for test class [com.icai.practicas.controller.ProcessControllerE2ETest], using SpringBootContextLoader
2022-04-02 15:33:28.992  INFO 53498 --- [           main] o.s.t.c.support.AbstractContextLoader    : Could not detect default resource locations for test class [com.icai.practicas.controller.ProcessControllerE2ETest]: no resource found for suffixes {-context.xml, Context.groovy}.
2022-04-02 15:33:28.992  INFO 53498 --- [           main] t.c.s.AnnotationConfigContextLoaderUtils : Could not detect default configuration classes for test class [com.icai.practicas.controller.ProcessControllerE2ETest]: ProcessControllerE2ETest does not declare any static, non-private, non-final, nested classes annotated with @Configuration.
2022-04-02 15:33:28.996  INFO 53498 --- [           main] .b.t.c.SpringBootTestContextBootstrapper : Found @SpringBootConfiguration com.icai.practicas.MainApplication for test class com.icai.practicas.controller.ProcessControllerE2ETest
2022-04-02 15:33:28.996  INFO 53498 --- [           main] .b.t.c.SpringBootTestContextBootstrapper : Loaded default TestExecutionListener class names from location [META-INF/spring.factories]: [org.springframework.boot.test.mock.mockito.MockitoTestExecutionListener, org.springframework.boot.test.mock.mockito.ResetMocksTestExecutionListener, org.springframework.boot.test.autoconfigure.restdocs.RestDocsTestExecutionListener, org.springframework.boot.test.autoconfigure.web.client.MockRestServiceServerResetTestExecutionListener, org.springframework.boot.test.autoconfigure.web.servlet.MockMvcPrintOnlyOnFailureTestExecutionListener, org.springframework.boot.test.autoconfigure.web.servlet.WebDriverTestExecutionListener, org.springframework.boot.test.autoconfigure.webservices.client.MockWebServiceServerTestExecutionListener, org.springframework.test.context.web.ServletTestExecutionListener, org.springframework.test.context.support.DirtiesContextBeforeModesTestExecutionListener, org.springframework.test.context.event.ApplicationEventsTestExecutionListener, org.springframework.test.context.support.DependencyInjectionTestExecutionListener, org.springframework.test.context.support.DirtiesContextTestExecutionListener, org.springframework.test.context.transaction.TransactionalTestExecutionListener, org.springframework.test.context.jdbc.SqlScriptsTestExecutionListener, org.springframework.test.context.event.EventPublishingTestExecutionListener]
2022-04-02 15:33:28.997  INFO 53498 --- [           main] .b.t.c.SpringBootTestContextBootstrapper : Using TestExecutionListeners: [org.springframework.test.context.web.ServletTestExecutionListener@27b337bb, org.springframework.test.context.support.DirtiesContextBeforeModesTestExecutionListener@59636c47, org.springframework.test.context.event.ApplicationEventsTestExecutionListener@5c18d6d4, org.springframework.boot.test.mock.mockito.MockitoTestExecutionListener@6cbb175, org.springframework.boot.test.autoconfigure.SpringBootDependencyInjectionTestExecutionListener@38fb50f8, org.springframework.test.context.support.DirtiesContextTestExecutionListener@7ab802f4, org.springframework.test.context.event.EventPublishingTestExecutionListener@608cd501, org.springframework.boot.test.mock.mockito.ResetMocksTestExecutionListener@3b97907c, org.springframework.boot.test.autoconfigure.restdocs.RestDocsTestExecutionListener@59096b66, org.springframework.boot.test.autoconfigure.web.client.MockRestServiceServerResetTestExecutionListener@631c6d11, org.springframework.boot.test.autoconfigure.web.servlet.MockMvcPrintOnlyOnFailureTestExecutionListener@65be88ae, org.springframework.boot.test.autoconfigure.web.servlet.WebDriverTestExecutionListener@62ade015, org.springframework.boot.test.autoconfigure.webservices.client.MockWebServiceServerTestExecutionListener@70ede57d]

  .   ____          _            __ _ _
 /\\ / ___'_ __ _ _(_)_ __  __ _ \ \ \ \
( ( )\___ | '_ | '_| | '_ \/ _` | \ \ \ \
 \\/  ___)| |_)| | | | | || (_| |  ) ) ) )
  '  |____| .__|_| |_|_| |_\__, | / / / /
 =========|_|==============|___/=/_/_/_/
 :: Spring Boot ::                (v2.6.4)

2022-04-02 15:33:29.011  INFO 53498 --- [           main] c.i.p.c.ProcessControllerE2ETest         : Starting ProcessControllerE2ETest using Java 17.0.2 on MacBook-Pro-de-Apple.local with PID 53498 (started by sergiocuencanunez in /Users/sergiocuencanunez/Documents/ICAI/3º GITT+BA/Asignaturas/2º Cuatrimestre/PAT | Programación de Aplicaciones Telemáticas/Prácticas/Práctica 6)
2022-04-02 15:33:29.011 DEBUG 53498 --- [           main] c.i.p.c.ProcessControllerE2ETest         : Running with Spring Boot v2.6.4, Spring v5.3.16
2022-04-02 15:33:29.011  INFO 53498 --- [           main] c.i.p.c.ProcessControllerE2ETest         : No active profile set, falling back to 1 default profile: "default"
2022-04-02 15:33:29.162  INFO 53498 --- [           main] o.s.b.w.embedded.tomcat.TomcatWebServer  : Tomcat initialized with port(s): 0 (http)
2022-04-02 15:33:29.167  INFO 53498 --- [           main] o.apache.catalina.core.StandardService   : Starting service [Tomcat]
2022-04-02 15:33:29.167  INFO 53498 --- [           main] org.apache.catalina.core.StandardEngine  : Starting Servlet engine: [Apache Tomcat/9.0.58]
2022-04-02 15:33:29.203  INFO 53498 --- [           main] o.a.c.c.C.[Tomcat].[localhost].[/]       : Initializing Spring embedded WebApplicationContext
2022-04-02 15:33:29.203  INFO 53498 --- [           main] w.s.c.ServletWebServerApplicationContext : Root WebApplicationContext: initialization completed in 191 ms
2022-04-02 15:33:29.285  INFO 53498 --- [           main] o.s.b.a.w.s.WelcomePageHandlerMapping    : Adding welcome page: class path resource [static/index.html]
2022-04-02 15:33:29.345  INFO 53498 --- [           main] o.s.b.w.embedded.tomcat.TomcatWebServer  : Tomcat started on port(s): 59326 (http) with context path ''
2022-04-02 15:33:29.347  INFO 53498 --- [           main] c.i.p.c.ProcessControllerE2ETest         : Started ProcessControllerE2ETest in 0.349 seconds (JVM running for 1.641)
2022-04-02 15:33:29.391  INFO 53498 --- [o-auto-1-exec-1] o.a.c.c.C.[Tomcat].[localhost].[/]       : Initializing Spring DispatcherServlet 'dispatcherServlet'
2022-04-02 15:33:29.391  INFO 53498 --- [o-auto-1-exec-1] o.s.web.servlet.DispatcherServlet        : Initializing Servlet 'dispatcherServlet'
2022-04-02 15:33:29.392  INFO 53498 --- [o-auto-1-exec-1] o.s.web.servlet.DispatcherServlet        : Completed initialization in 1 ms
2022-04-02 15:33:29.410  INFO 53498 --- [o-auto-1-exec-1] c.i.p.controller.ProcessController       : Procesando request en el endpoint Legacy
2022-04-02 15:33:29.410  INFO 53498 --- [o-auto-1-exec-1] c.i.p.service.impl.ProcessServiceImpl    : Procesando datos del formulario:
2022-04-02 15:33:29.410 TRACE 53498 --- [o-auto-1-exec-1] c.i.p.service.impl.ProcessServiceImpl    : 749GR7820 Resultado: false
2022-04-02 15:33:29.411 TRACE 53498 --- [o-auto-1-exec-1] c.i.p.service.impl.ProcessServiceImpl    : +65430456 Resultado: false
2022-04-02 15:33:29.411  INFO 53498 --- [o-auto-1-exec-1] c.i.p.service.impl.ProcessServiceImpl    : Procesamiento incorrecto
]]></system-out>
  </testcase>
  <testcase name="testing_process_data_legacy_then_ok" classname="com.icai.practicas.controller.ProcessControllerE2ETest" time="0.006">
    <system-out><![CDATA[2022-04-02 15:33:29.444  INFO 53498 --- [o-auto-1-exec-2] c.i.p.controller.ProcessController       : Procesando request en el endpoint Legacy
2022-04-02 15:33:29.445  INFO 53498 --- [o-auto-1-exec-2] c.i.p.service.impl.ProcessServiceImpl    : Procesando datos del formulario:
2022-04-02 15:33:29.445 TRACE 53498 --- [o-auto-1-exec-2] c.i.p.service.impl.ProcessServiceImpl    : 28733194F Resultado: true
2022-04-02 15:33:29.445 TRACE 53498 --- [o-auto-1-exec-2] c.i.p.service.impl.ProcessServiceImpl    : +34 645889302 Resultado: true
2022-04-02 15:33:29.445  INFO 53498 --- [o-auto-1-exec-2] c.i.p.service.impl.ProcessServiceImpl    : Procesamiento correcto
]]></system-out>
  </testcase>
  <testcase name="testing_process_data_then_ko" classname="com.icai.practicas.controller.ProcessControllerE2ETest" time="0.073">
    <system-out><![CDATA[2022-04-02 15:33:29.511  INFO 53498 --- [o-auto-1-exec-3] c.i.p.controller.ProcessController       : Procesando request en el endpoint
2022-04-02 15:33:29.511  INFO 53498 --- [o-auto-1-exec-3] c.i.p.service.impl.ProcessServiceImpl    : Procesando datos del formulario:
2022-04-02 15:33:29.511 TRACE 53498 --- [o-auto-1-exec-3] c.i.p.service.impl.ProcessServiceImpl    : 749GR7820 Resultado: false
2022-04-02 15:33:29.511 TRACE 53498 --- [o-auto-1-exec-3] c.i.p.service.impl.ProcessServiceImpl    : +65430456 Resultado: false
2022-04-02 15:33:29.511  INFO 53498 --- [o-auto-1-exec-3] c.i.p.service.impl.ProcessServiceImpl    : Procesamiento incorrecto
]]></system-out>
  </testcase>
  <testcase name="testing_process_data_then_ok" classname="com.icai.practicas.controller.ProcessControllerE2ETest" time="0.004">
    <system-out><![CDATA[2022-04-02 15:33:29.524  INFO 53498 --- [o-auto-1-exec-4] c.i.p.controller.ProcessController       : Procesando request en el endpoint
2022-04-02 15:33:29.524  INFO 53498 --- [o-auto-1-exec-4] c.i.p.service.impl.ProcessServiceImpl    : Procesando datos del formulario:
2022-04-02 15:33:29.524 TRACE 53498 --- [o-auto-1-exec-4] c.i.p.service.impl.ProcessServiceImpl    : 28733194F Resultado: true
2022-04-02 15:33:29.524 TRACE 53498 --- [o-auto-1-exec-4] c.i.p.service.impl.ProcessServiceImpl    : +34 645889302 Resultado: true
2022-04-02 15:33:29.524  INFO 53498 --- [o-auto-1-exec-4] c.i.p.service.impl.ProcessServiceImpl    : Procesamiento correcto
]]></system-out>
  </testcase>
</testsuite>